C51 COMPILER V9.55   OBSTACLE_AVOIDER1                                                     05/12/2016 18:41:15 PAGE 1   


C51 COMPILER V9.55, COMPILATION OF MODULE OBSTACLE_AVOIDER1
OBJECT MODULE PLACED IN .\Objects\obstacle-avoider1.obj
COMPILER INVOKED BY: H:\C51\BIN\C51.EXE obstacle-avoider1.c OPTIMIZE(8,SPEED) BROWSE DEBUG OBJECTEXTEND PRINT(.\Listings
                    -\obstacle-avoider1.lst) TABS(2) OBJECT(.\Objects\obstacle-avoider1.obj)

line level    source

   1          #include<reg52.h>
   2          #include<stdio.h>
   3          
   4          #define lt 0x06;
   5          #define rt 0x09;
   6          #define st 0x0a;
   7          #define rev 0x05;
   8          #define stp 0x00;
   9          unsigned int a,i,j;
  10          
  11          void delay(unsigned int t)
  12          {
  13   1        for(i=0;i<t;i++)
  14   1        {
  15   2          for(j=0;j<1275;j++)
  16   2        {}
  17   2        }
  18   1      }
  19          
  20          void main()
  21          {
  22   1      while(1)
  23   1      {
  24   2        
  25   2      a=P1&0x0c;
  26   2      if(a==0x00)
  27   2      {
  28   3        P2=st;
  29   3      }
  30   2      if(a==0x08)
  31   2      {
  32   3        P2=rev;
  33   3        delay(150);
  34   3        P2=rt;
  35   3        delay(150);
  36   3      }
  37   2      if(a==0x04)
  38   2      {
  39   3        P2=rev;
  40   3        delay(150);
  41   3        P2=lt;
  42   3        delay(150);
  43   3      }
  44   2      if(a==0x0c)
  45   2      {
  46   3        P2=rev;
  47   3        delay(150);
  48   3        P2=stp;
  49   3        delay(150);
  50   3      }
  51   2      }
  52   1      }


C51 COMPILER V9.55   OBSTACLE_AVOIDER1                                                     05/12/2016 18:41:15 PAGE 2   

MODULE INFORMATION:   STATIC OVERLAYABLE
   CODE SIZE        =    121    ----
   CONSTANT SIZE    =   ----    ----
   XDATA SIZE       =   ----    ----
   PDATA SIZE       =   ----    ----
   DATA SIZE        =      6    ----
   IDATA SIZE       =   ----    ----
   BIT SIZE         =   ----    ----
END OF MODULE INFORMATION.


C51 COMPILATION COMPLETE.  0 WARNING(S),  0 ERROR(S)
