C51 COMPILER V9.55   GESTURE_PROGRAM                                                       05/11/2016 19:02:44 PAGE 1   


C51 COMPILER V9.55, COMPILATION OF MODULE GESTURE_PROGRAM
OBJECT MODULE PLACED IN .\Objects\Gesture-Program.obj
COMPILER INVOKED BY: H:\C51\BIN\C51.EXE Gesture Based Robot Program\Gesture-Program.c OPTIMIZE(8,SPEED) BROWSE DEBUG OBJ
                    -ECTEXTEND PRINT(.\Listings\Gesture-Program.lst) TABS(2) OBJECT(.\Objects\Gesture-Program.obj)

line level    source

   1          #include<reg52.h>
   2          #include<stdio.h>
   3          #define fwd 0x0a;
   4          #define bck 0x05;
   5          #define stp 0x00;
   6          #define lt 0x06;
   7          #define rt 0x09;
   8          unsigned int a;
   9          void main()
  10          {
  11   1      while(1)
  12   1      {
  13   2      a=P1&0x0f;
  14   2      if(a==0x0d)
  15   2      {
  16   3      P2=fwd;
  17   3      }
  18   2      if(a==0x07)
  19   2      {
  20   3      P2=lt;
  21   3      }
  22   2      if(a==0x04)
  23   2      {
  24   3      P2=rt;
  25   3      }
  26   2      if(a==0x01)
  27   2      {
  28   3      P2=bck;
  29   3      }
  30   2      if(a==0x05)
  31   2      {
  32   3      P2=stp;
  33   3      }
  34   2      }
  35   1      }


MODULE INFORMATION:   STATIC OVERLAYABLE
   CODE SIZE        =     63    ----
   CONSTANT SIZE    =   ----    ----
   XDATA SIZE       =   ----    ----
   PDATA SIZE       =   ----    ----
   DATA SIZE        =      2    ----
   IDATA SIZE       =   ----    ----
   BIT SIZE         =   ----    ----
END OF MODULE INFORMATION.


C51 COMPILATION COMPLETE.  0 WARNING(S),  0 ERROR(S)
