C51 COMPILER V9.55   MOBILE_ROBOT                                                          05/12/2016 13:59:57 PAGE 1   


C51 COMPILER V9.55, COMPILATION OF MODULE MOBILE_ROBOT
OBJECT MODULE PLACED IN .\Objects\Mobile-Robot.obj
COMPILER INVOKED BY: H:\C51\BIN\C51.EXE Mobile-Robot.c OPTIMIZE(8,SPEED) BROWSE DEBUG OBJECTEXTEND PRINT(.\Listings\Mobi
                    -le-Robot.lst) TABS(2) OBJECT(.\Objects\Mobile-Robot.obj)

line level    source

   1          #include<reg52.h>   //Header file
   2          #include<stdio.h>
   3          #define fwd 0x0a;   //Motor Conditions
   4          #define lt 0x06;
   5          #define rt 0x09;
   6          #define rev 0x05;
   7          #define stop 0x00;
   8          unsigned int a;
   9          void main()
  10          {
  11   1      while(1)
  12   1      {
  13   2      a=P0&0x0f;    //Masking
  14   2      if(a==0x02)   //DTMF Input
  15   2      {
  16   3      P2=fwd;   //Motor Condition
  17   3      }
  18   2      if(a==0x04)
  19   2      {
  20   3      P2=lt;
  21   3      }
  22   2      if(a==0x06)
  23   2      {
  24   3      P2=rt;
  25   3      }
  26   2      if(a==0x08)
  27   2      {
  28   3      P2=rev;
  29   3      }
  30   2      if(a==0x05)
  31   2      {
  32   3      P2=stop;
  33   3      }
  34   2      }
  35   1      }


MODULE INFORMATION:   STATIC OVERLAYABLE
   CODE SIZE        =     63    ----
   CONSTANT SIZE    =   ----    ----
   XDATA SIZE       =   ----    ----
   PDATA SIZE       =   ----    ----
   DATA SIZE        =      2    ----
   IDATA SIZE       =   ----    ----
   BIT SIZE         =   ----    ----
END OF MODULE INFORMATION.


C51 COMPILATION COMPLETE.  0 WARNING(S),  0 ERROR(S)
