C51 COMPILER V9.55   MAZE_SOLVER                                                           05/12/2016 21:39:13 PAGE 1   


C51 COMPILER V9.55, COMPILATION OF MODULE MAZE_SOLVER
OBJECT MODULE PLACED IN .\Objects\maze-solver.obj
COMPILER INVOKED BY: H:\C51\BIN\C51.EXE maze-solver.c OPTIMIZE(8,SPEED) BROWSE DEBUG OBJECTEXTEND PRINT(.\Listings\maze-
                    -solver.lst) TABS(2) OBJECT(.\Objects\maze-solver.obj)

line level    source

   1          #include<reg52.h>
   2          #include<Stdio.h>
   3          #define st 0x0a;
   4          #define lt 0x06;
   5          #define rt 0x09;
   6          #define stop 0x00;
   7          
   8          unsigned int a,i,j;
   9          
  10          void delay(unsigned int t)
  11          {
  12   1        for(i=0;i<t;i++)
  13   1        {
  14   2          for(j=0;j<1275;j++)
  15   2          {}
  16   2        }
  17   1      }
  18          
  19          void main()
  20          {
  21   1        while(1)
  22   1        {
  23   2          
  24   2      a=P&0x07;
  25   2      if(a==0x03)
  26   2      {
  27   3        delay(20);
  28   3        P2=lt;
  29   3      }
  30   2      else if ((a==0x05)||(a==0x01))
  31   2      {
  32   3        P2=st;
  33   3      }
  34   2      else if ((a==0x02) || (a==0x06) || (a==0x04) || (a==0x07))
  35   2      {
  36   3        P2=rt;
  37   3        delay(10);
  38   3      }
  39   2      else
  40   2      {
  41   3        delay(30);
  42   3        P2=stop;
  43   3      }
  44   2      }
  45   1        }
  46          
  47            


MODULE INFORMATION:   STATIC OVERLAYABLE
   CODE SIZE        =    151    ----
   CONSTANT SIZE    =   ----    ----
   XDATA SIZE       =   ----    ----
   PDATA SIZE       =   ----    ----
C51 COMPILER V9.55   MAZE_SOLVER                                                           05/12/2016 21:39:13 PAGE 2   

   DATA SIZE        =      6    ----
   IDATA SIZE       =   ----    ----
   BIT SIZE         =   ----    ----
END OF MODULE INFORMATION.


C51 COMPILATION COMPLETE.  0 WARNING(S),  0 ERROR(S)
