C51 COMPILER V9.55   LINE_FOLLOWER                                                         05/11/2016 10:06:05 PAGE 1   


C51 COMPILER V9.55, COMPILATION OF MODULE LINE_FOLLOWER
OBJECT MODULE PLACED IN .\Objects\line-follower.obj
COMPILER INVOKED BY: H:\C51\BIN\C51.EXE line-follower.c OPTIMIZE(8,SPEED) BROWSE DEBUG OBJECTEXTEND PRINT(.\Listings\lin
                    -e-follower.lst) TABS(2) OBJECT(.\Objects\line-follower.obj)

line level    source

   1          #include<reg52.h>
   2          #include<stdio.h>
   3          
   4          #define lt 0x06;
   5          #define rt 0x09;
   6          #define st 0x0a;
   7          #define stop 0x00;
   8          
   9          unsigned int a;
  10          
  11          void main()
  12          {
  13   1        while(1)
  14   1        {
  15   2          a=P1&0x0c;
  16   2          if (a==0x00)
  17   2          {P2 = stop;}
  18   2          if (a==0x04)
  19   2          {P2 = lt;}
  20   2            if(a==0x08)
  21   2            {P2 =rt;}
  22   2            if(a==0x0c)
  23   2            {P2= st;}
  24   2          }
  25   1        }


MODULE INFORMATION:   STATIC OVERLAYABLE
   CODE SIZE        =     50    ----
   CONSTANT SIZE    =   ----    ----
   XDATA SIZE       =   ----    ----
   PDATA SIZE       =   ----    ----
   DATA SIZE        =      2    ----
   IDATA SIZE       =   ----    ----
   BIT SIZE         =   ----    ----
END OF MODULE INFORMATION.


C51 COMPILATION COMPLETE.  0 WARNING(S),  0 ERROR(S)
